<?xml version="1.0" encoding="UTF-8"?>
<!-- Generated by org.testng.reporters.JUnitXMLReporter -->
<testsuite hostname="LAPTOP-DCN9E5KL" name="WIN10TEST" tests="10" failures="0" timestamp="24 Jun 2021 18:36:46 GMT" time="0.12" errors="0">
  <testcase name="Choose_Critical" time="0.004" classname="TESTCASES.Purchase_Critical_Illness">
    <skipped/>
  </testcase> <!-- Choose_Critical -->
  <testcase name="Get_Quote2" time="0.034" classname="TESTCASES.Purchase_Critical_Illness">
    <skipped/>
  </testcase> <!-- Get_Quote2 -->
  <testcase name="Customer_Registration" time="0.001" classname="TESTCASES.Purchase_Critical_Illness">
    <skipped/>
  </testcase> <!-- Customer_Registration -->
  <testcase name="Answer_CI_Questions" time="0.001" classname="TESTCASES.Purchase_Critical_Illness">
    <skipped/>
  </testcase> <!-- Answer_CI_Questions -->
  <testcase name="Checkout_From_Cart" time="0.0" classname="TESTCASES.Purchase_Critical_Illness">
    <skipped/>
  </testcase> <!-- Checkout_From_Cart -->
  <testcase name="Checkout_Add_beneficiary" time="0.0" classname="TESTCASES.Purchase_Critical_Illness">
    <skipped/>
  </testcase> <!-- Checkout_Add_beneficiary -->
  <testcase name="Checkout_Add_creditcarddetials" time="0.003" classname="TESTCASES.Purchase_Critical_Illness">
    <skipped/>
  </testcase> <!-- Checkout_Add_creditcarddetials -->
  <testcase name="Checkout_FIll_Disclosures" time="0.0" classname="TESTCASES.Purchase_Critical_Illness">
    <skipped/>
  </testcase> <!-- Checkout_FIll_Disclosures -->
  <testcase name="Review_And_Submit" time="0.0" classname="TESTCASES.Purchase_Critical_Illness">
    <skipped/>
  </testcase> <!-- Review_And_Submit -->
  <testcase name="Check_Thank_You_Page" time="0.001" classname="TESTCASES.Purchase_Critical_Illness">
    <skipped/>
  </testcase> <!-- Check_Thank_You_Page -->
</testsuite> <!-- WIN10TEST -->
