<?xml version="1.0" encoding="UTF-8"?>
<!-- Generated by org.testng.reporters.JUnitXMLReporter -->
<testsuite hostname="LAPTOP-DCN9E5KL" name="WIN8TEST" tests="11" failures="0" timestamp="24 Jun 2021 18:36:46 GMT" time="0.121" errors="0">
  <testcase name="Choose_Accident" time="0.003" classname="TESTCASES.Purchase_Accident_Insurance">
    <skipped/>
  </testcase> <!-- Choose_Accident -->
  <testcase name="Get_Quote2" time="0.034" classname="TESTCASES.Purchase_Accident_Insurance">
    <skipped/>
  </testcase> <!-- Get_Quote2 -->
  <testcase name="Customer_Registration" time="0.0" classname="TESTCASES.Purchase_Accident_Insurance">
    <skipped/>
  </testcase> <!-- Customer_Registration -->
  <testcase name="Checkout_Add_Dependents" time="0.0" classname="TESTCASES.Purchase_Accident_Insurance">
    <skipped/>
  </testcase> <!-- Checkout_Add_Dependents -->
  <testcase name="Answer_ACC_Questions" time="0.001" classname="TESTCASES.Purchase_Accident_Insurance">
    <skipped/>
  </testcase> <!-- Answer_ACC_Questions -->
  <testcase name="Checkout_From_Cart" time="0.001" classname="TESTCASES.Purchase_Accident_Insurance">
    <skipped/>
  </testcase> <!-- Checkout_From_Cart -->
  <testcase name="Checkout_Add_beneficiary" time="0.0" classname="TESTCASES.Purchase_Accident_Insurance">
    <skipped/>
  </testcase> <!-- Checkout_Add_beneficiary -->
  <testcase name="Checkout_Add_creditcarddetials" time="0.0" classname="TESTCASES.Purchase_Accident_Insurance">
    <skipped/>
  </testcase> <!-- Checkout_Add_creditcarddetials -->
  <testcase name="Checkout_FIll_Disclosures" time="0.009" classname="TESTCASES.Purchase_Accident_Insurance">
    <skipped/>
  </testcase> <!-- Checkout_FIll_Disclosures -->
  <testcase name="Review_And_Submit" time="0.0" classname="TESTCASES.Purchase_Accident_Insurance">
    <skipped/>
  </testcase> <!-- Review_And_Submit -->
  <testcase name="Check_Thank_You_Page" time="0.0" classname="TESTCASES.Purchase_Accident_Insurance">
    <skipped/>
  </testcase> <!-- Check_Thank_You_Page -->
</testsuite> <!-- WIN8TEST -->
