<?xml version="1.0" encoding="UTF-8"?>
<!-- Generated by org.testng.reporters.JUnitXMLReporter -->
<testsuite hostname="LAPTOP-DCN9E5KL" name="Test" tests="30" failures="0" timestamp="23 Jun 2021 10:31:16 GMT" time="0.257" errors="0">
  <testcase name="@BeforeSuite OpenBroswer" time="0.0" classname="TESTCASES.Purchase_Accident_Insurance">
    <failure type="java.io.FileNotFoundException" message="E:\SELENIUM\SPRAOI\AFLAC\Test_data\Data_sheet.xlsx (The system cannot find the path specified)">
      <![CDATA[java.io.FileNotFoundException: E:\SELENIUM\SPRAOI\AFLAC\Test_data\Data_sheet.xlsx (The system cannot find the path specified)
	at java.io.FileInputStream.open0(Native Method)
	at java.io.FileInputStream.open(Unknown Source)
	at java.io.FileInputStream.<init>(Unknown Source)
	at Generic.Excel_data.Get_Data(Excel_data.java:19)
	at TESTCASES.Purchase_Accident_Insurance.OpenBroswer(Purchase_Accident_Insurance.java:55)
... Removed 18 stack frames]]>
    </failure>
  </testcase> <!-- @BeforeSuite OpenBroswer -->
  <testcase name="@BeforeSuite OpenBroswer" time="0.0" classname="TESTCASES.Purchase_Accident_Insurance">
    <skipped/>
  </testcase> <!-- @BeforeSuite OpenBroswer -->
  <testcase name="@BeforeSuite OpenBroswer" time="0.0" classname="TESTCASES.Purchase_Accident_Insurance">
    <skipped/>
  </testcase> <!-- @BeforeSuite OpenBroswer -->
  <testcase name="Choose_Accident" time="0.002" classname="TESTCASES.Purchase_Accident_Insurance">
    <skipped/>
  </testcase> <!-- Choose_Accident -->
  <testcase name="Get_Quote2" time="0.043" classname="TESTCASES.Purchase_Accident_Insurance">
    <skipped/>
  </testcase> <!-- Get_Quote2 -->
  <testcase name="Customer_Registration" time="0.0" classname="TESTCASES.Purchase_Accident_Insurance">
    <skipped/>
  </testcase> <!-- Customer_Registration -->
  <testcase name="Checkout_Add_Dependents" time="0.0" classname="TESTCASES.Purchase_Accident_Insurance">
    <skipped/>
  </testcase> <!-- Checkout_Add_Dependents -->
  <testcase name="Answer_ACC_Questions" time="0.0" classname="TESTCASES.Purchase_Accident_Insurance">
    <skipped/>
  </testcase> <!-- Answer_ACC_Questions -->
  <testcase name="Checkout_From_Cart" time="0.0" classname="TESTCASES.Purchase_Accident_Insurance">
    <skipped/>
  </testcase> <!-- Checkout_From_Cart -->
  <testcase name="Checkout_Add_beneficiary" time="0.0" classname="TESTCASES.Purchase_Accident_Insurance">
    <skipped/>
  </testcase> <!-- Checkout_Add_beneficiary -->
  <testcase name="Checkout_Add_creditcarddetials" time="0.0" classname="TESTCASES.Purchase_Accident_Insurance">
    <skipped/>
  </testcase> <!-- Checkout_Add_creditcarddetials -->
  <testcase name="Checkout_FIll_Disclosures" time="0.0" classname="TESTCASES.Purchase_Accident_Insurance">
    <skipped/>
  </testcase> <!-- Checkout_FIll_Disclosures -->
  <testcase name="Review_And_Submit" time="0.001" classname="TESTCASES.Purchase_Accident_Insurance">
    <skipped/>
  </testcase> <!-- Review_And_Submit -->
  <testcase name="Check_Thank_You_Page" time="0.001" classname="TESTCASES.Purchase_Accident_Insurance">
    <skipped/>
  </testcase> <!-- Check_Thank_You_Page -->
  <testcase name="Choose_Critical" time="0.001" classname="TESTCASES.Purchase_Critical_Illness">
    <skipped/>
  </testcase> <!-- Choose_Critical -->
  <testcase name="Get_Quote2" time="0.0" classname="TESTCASES.Purchase_Critical_Illness">
    <skipped/>
  </testcase> <!-- Get_Quote2 -->
  <testcase name="Customer_Registration" time="0.0" classname="TESTCASES.Purchase_Critical_Illness">
    <skipped/>
  </testcase> <!-- Customer_Registration -->
  <testcase name="Answer_CI_Questions" time="0.0" classname="TESTCASES.Purchase_Critical_Illness">
    <skipped/>
  </testcase> <!-- Answer_CI_Questions -->
  <testcase name="Checkout_From_Cart" time="0.0" classname="TESTCASES.Purchase_Critical_Illness">
    <skipped/>
  </testcase> <!-- Checkout_From_Cart -->
  <testcase name="Checkout_Add_beneficiary" time="0.0" classname="TESTCASES.Purchase_Critical_Illness">
    <skipped/>
  </testcase> <!-- Checkout_Add_beneficiary -->
  <testcase name="Checkout_Add_creditcarddetials" time="0.0" classname="TESTCASES.Purchase_Critical_Illness">
    <skipped/>
  </testcase> <!-- Checkout_Add_creditcarddetials -->
  <testcase name="Checkout_FIll_Disclosures" time="0.0" classname="TESTCASES.Purchase_Critical_Illness">
    <skipped/>
  </testcase> <!-- Checkout_FIll_Disclosures -->
  <testcase name="Review_And_Submit" time="0.0" classname="TESTCASES.Purchase_Critical_Illness">
    <skipped/>
  </testcase> <!-- Review_And_Submit -->
  <testcase name="Check_Thank_You_Page" time="0.0" classname="TESTCASES.Purchase_Critical_Illness">
    <skipped/>
  </testcase> <!-- Check_Thank_You_Page -->
  <testcase name="Choose_Cancer" time="0.0" classname="TESTCASES.Purchase_Cancer_Insurance">
    <skipped/>
  </testcase> <!-- Choose_Cancer -->
  <testcase name="Get_Quote2" time="0.0" classname="TESTCASES.Purchase_Cancer_Insurance">
    <skipped/>
  </testcase> <!-- Get_Quote2 -->
  <testcase name="Customer_Registration" time="0.0" classname="TESTCASES.Purchase_Cancer_Insurance">
    <skipped/>
  </testcase> <!-- Customer_Registration -->
  <testcase name="Answer_Cancer_Questions" time="0.001" classname="TESTCASES.Purchase_Cancer_Insurance">
    <skipped/>
  </testcase> <!-- Answer_Cancer_Questions -->
  <testcase name="Checkout_From_Cart" time="0.0" classname="TESTCASES.Purchase_Cancer_Insurance">
    <skipped/>
  </testcase> <!-- Checkout_From_Cart -->
  <testcase name="Checkout_Add_BankDetails" time="0.0" classname="TESTCASES.Purchase_Cancer_Insurance">
    <skipped/>
  </testcase> <!-- Checkout_Add_BankDetails -->
  <testcase name="Checkout_FIll_Disclosures" time="0.0" classname="TESTCASES.Purchase_Cancer_Insurance">
    <skipped/>
  </testcase> <!-- Checkout_FIll_Disclosures -->
  <testcase name="Review_And_Submit" time="0.0" classname="TESTCASES.Purchase_Cancer_Insurance">
    <skipped/>
  </testcase> <!-- Review_And_Submit -->
  <testcase name="Check_Thank_You_Page" time="0.0" classname="TESTCASES.Purchase_Cancer_Insurance">
    <skipped/>
  </testcase> <!-- Check_Thank_You_Page -->
</testsuite> <!-- Test -->
